<?xml version="1.0" encoding="UTF-8"?>
<testng-results ignored="0" total="2" passed="2" failed="0" skipped="0">
  <reporter-output>
  </reporter-output>
  <suite started-at="2022-09-12T11:21:25 IST" name="Suite" finished-at="2022-09-12T11:22:11 IST" duration-ms="45777">
    <groups>
    </groups>
    <test started-at="2022-09-12T11:21:25 IST" name="methods" finished-at="2022-09-12T11:22:11 IST" duration-ms="45777">
      <class name="AutomationFramework.UiAutomation.TestsOfFeature1">
        <test-method is-config="true" signature="beforeSuit()[pri:0, instance:AutomationFramework.UiAutomation.TestsOfFeature1@77888435]" started-at="2022-09-12T11:21:25 IST" name="beforeSuit" finished-at="2022-09-12T11:21:25 IST" duration-ms="331" status="PASS">
          <reporter-output>
          </reporter-output>
        </test-method> <!-- beforeSuit -->
        <test-method is-config="true" signature="BeforeMethodtests(java.lang.reflect.Method,org.testng.ITestResult)[pri:0, instance:AutomationFramework.UiAutomation.TestsOfFeature1@77888435]" started-at="2022-09-12T11:21:25 IST" name="BeforeMethodtests" finished-at="2022-09-12T11:21:25 IST" duration-ms="4" status="PASS">
          <params>
            <param index="0">
              <value>
                <![CDATA[public void AutomationFramework.UiAutomation.TestsOfFeature1.FlipTest(java.lang.String,java.lang.String,java.lang.String) throws java.io.IOException,java.lang.InterruptedException]]>
              </value>
            </param>
            <param index="1">
              <value>
                <![CDATA[[TestResult name={null} status=CREATED method=TestsOfFeature1.FlipTest(java.lang.String,java.lang.String,java.lang.String)[pri:0, instance:AutomationFramework.UiAutomation.TestsOfFeature1@77888435] output={null}]]]>
              </value>
            </param>
          </params>
          <reporter-output>
          </reporter-output>
        </test-method> <!-- BeforeMethodtests -->
        <test-method is-config="true" signature="BeforeMethodtests(java.lang.reflect.Method,org.testng.ITestResult)[pri:0, instance:AutomationFramework.UiAutomation.TestsOfFeature1@77888435]" started-at="2022-09-12T11:21:25 IST" name="BeforeMethodtests" finished-at="2022-09-12T11:21:25 IST" duration-ms="5" status="PASS">
          <params>
            <param index="0">
              <value>
                <![CDATA[public void AutomationFramework.UiAutomation.TestsOfFeature1.FlipTest(java.lang.String,java.lang.String,java.lang.String) throws java.io.IOException,java.lang.InterruptedException]]>
              </value>
            </param>
            <param index="1">
              <value>
                <![CDATA[[TestResult name={null} status=CREATED method=TestsOfFeature1.FlipTest(java.lang.String,java.lang.String,java.lang.String)[pri:0, instance:AutomationFramework.UiAutomation.TestsOfFeature1@77888435] output={null}]]]>
              </value>
            </param>
          </params>
          <reporter-output>
          </reporter-output>
        </test-method> <!-- BeforeMethodtests -->
        <test-method signature="FlipTest(java.lang.String,java.lang.String,java.lang.String)[pri:0, instance:AutomationFramework.UiAutomation.TestsOfFeature1@77888435]" started-at="2022-09-12T11:21:25 IST" name="FlipTest" data-provider="abc" finished-at="2022-09-12T11:22:07 IST" duration-ms="41316" status="PASS">
          <params>
            <param index="0">
              <value>
                <![CDATA[Name ]]>
              </value>
            </param>
            <param index="1">
              <value>
                <![CDATA[class ]]>
              </value>
            </param>
            <param index="2">
              <value>
                <![CDATA[subject]]>
              </value>
            </param>
          </params>
          <reporter-output>
          </reporter-output>
        </test-method> <!-- FlipTest -->
        <test-method signature="FlipTest(java.lang.String,java.lang.String,java.lang.String)[pri:0, instance:AutomationFramework.UiAutomation.TestsOfFeature1@77888435]" started-at="2022-09-12T11:21:25 IST" name="FlipTest" data-provider="abc" finished-at="2022-09-12T11:22:10 IST" duration-ms="44678" status="PASS">
          <params>
            <param index="0">
              <value>
                <![CDATA[abhishek kumar]]>
              </value>
            </param>
            <param index="1">
              <value>
                <![CDATA[10th]]>
              </value>
            </param>
            <param index="2">
              <value>
                <![CDATA[english]]>
              </value>
            </param>
          </params>
          <reporter-output>
          </reporter-output>
        </test-method> <!-- FlipTest -->
        <test-method is-config="true" signature="AfterMethodTest(java.lang.reflect.Method,org.testng.ITestResult)[pri:0, instance:AutomationFramework.UiAutomation.TestsOfFeature1@77888435]" started-at="2022-09-12T11:22:07 IST" name="AfterMethodTest" finished-at="2022-09-12T11:22:07 IST" duration-ms="246" status="PASS">
          <params>
            <param index="0">
              <value>
                <![CDATA[public void AutomationFramework.UiAutomation.TestsOfFeature1.FlipTest(java.lang.String,java.lang.String,java.lang.String) throws java.io.IOException,java.lang.InterruptedException]]>
              </value>
            </param>
            <param index="1">
              <value>
                <![CDATA[[TestResult name=FlipTest status=SUCCESS method=TestsOfFeature1.FlipTest(java.lang.String,java.lang.String,java.lang.String)[pri:0, instance:AutomationFramework.UiAutomation.TestsOfFeature1@77888435] output={null}]]]>
              </value>
            </param>
          </params>
          <reporter-output>
          </reporter-output>
        </test-method> <!-- AfterMethodTest -->
        <test-method is-config="true" signature="AfterMethodTest(java.lang.reflect.Method,org.testng.ITestResult)[pri:0, instance:AutomationFramework.UiAutomation.TestsOfFeature1@77888435]" started-at="2022-09-12T11:22:10 IST" name="AfterMethodTest" finished-at="2022-09-12T11:22:11 IST" duration-ms="166" status="PASS">
          <params>
            <param index="0">
              <value>
                <![CDATA[public void AutomationFramework.UiAutomation.TestsOfFeature1.FlipTest(java.lang.String,java.lang.String,java.lang.String) throws java.io.IOException,java.lang.InterruptedException]]>
              </value>
            </param>
            <param index="1">
              <value>
                <![CDATA[[TestResult name=FlipTest status=SUCCESS method=TestsOfFeature1.FlipTest(java.lang.String,java.lang.String,java.lang.String)[pri:0, instance:AutomationFramework.UiAutomation.TestsOfFeature1@77888435] output={null}]]]>
              </value>
            </param>
          </params>
          <reporter-output>
          </reporter-output>
        </test-method> <!-- AfterMethodTest -->
        <test-method is-config="true" signature="Aftersuit()[pri:0, instance:AutomationFramework.UiAutomation.TestsOfFeature1@77888435]" started-at="2022-09-12T11:22:11 IST" name="Aftersuit" finished-at="2022-09-12T11:22:11 IST" duration-ms="412" status="PASS">
          <reporter-output>
          </reporter-output>
        </test-method> <!-- Aftersuit -->
      </class> <!-- AutomationFramework.UiAutomation.TestsOfFeature1 -->
    </test> <!-- methods -->
  </suite> <!-- Suite -->
</testng-results>
